<?xml version="1.0" encoding="UTF-8"?>
<testng-results ignored="0" total="1" passed="1" failed="0" skipped="0">
  <reporter-output>
  </reporter-output>
  <suite started-at="2023-10-25T13:17:02 IST" name="Suite" finished-at="2023-10-25T13:17:52 IST" duration-ms="49833">
    <groups>
    </groups>
    <test started-at="2023-10-25T13:17:02 IST" name="Test" finished-at="2023-10-25T13:17:52 IST" duration-ms="49833">
      <class name="ohrm.OrangeHrm">
        <test-method signature="loadfunction()[pri:1, instance:ohrm.OrangeHrm@1ffaf86]" started-at="2023-10-25T13:17:03 IST" name="loadfunction" finished-at="2023-10-25T13:17:52 IST" duration-ms="49451" status="PASS">
          <reporter-output>
          </reporter-output>
        </test-method> <!-- loadfunction -->
      </class> <!-- ohrm.OrangeHrm -->
    </test> <!-- Test -->
  </suite> <!-- Suite -->
</testng-results>
